build/app/intermediates/manifest_merge_blame_file/debug/manifest-merger-blame-debug-report.txt
1<?xml version="1.0" encoding="utf-8"?>
2<manifest xmlns:android="http://schemas.android.com/apk/res/android"
3    package="flutterdemo.passbase.com.passbase_flutter_demo"
4    android:versionCode="1"
5    android:versionName="1.0.0" >
6
7    <uses-sdk
8        android:minSdkVersion="21"
9        android:targetSdkVersion="28" />
10    <!--
11         Flutter needs it to communicate with the running application
12         to allow setting breakpoints, to provide hot reload, etc.
13    -->
14    <uses-permission android:name="android.permission.INTERNET" />
14-->src/debug/AndroidManifest.xml:6:5-66
14-->src/debug/AndroidManifest.xml:6:22-64
15    <uses-permission android:name="android.permission.ACCESS_NETWORK_STATE" />
15-->[com.passbase:passbase_sdk:1.7.7] AndroidManifest.xml:12:5-79
15-->[com.passbase:passbase_sdk:1.7.7] AndroidManifest.xml:12:22-76
16    <uses-permission android:name="android.permission.CAMERA" />
16-->[com.passbase:passbase_sdk:1.7.7] AndroidManifest.xml:13:5-65
16-->[com.passbase:passbase_sdk:1.7.7] AndroidManifest.xml:13:22-62
17    <uses-permission android:name="android.permission.VIBRATE" />
17-->[com.passbase:passbase_sdk:1.7.7] AndroidManifest.xml:14:5-66
17-->[com.passbase:passbase_sdk:1.7.7] AndroidManifest.xml:14:22-63
18    <uses-permission android:name="android.permission.WRITE_EXTERNAL_STORAGE" />
18-->[com.passbase:passbase_sdk:1.7.7] AndroidManifest.xml:15:5-81
18-->[com.passbase:passbase_sdk:1.7.7] AndroidManifest.xml:15:22-78
19    <uses-permission android:name="android.permission.READ_EXTERNAL_STORAGE" />
19-->[com.passbase:passbase_sdk:1.7.7] AndroidManifest.xml:16:5-80
19-->[com.passbase:passbase_sdk:1.7.7] AndroidManifest.xml:16:22-77
20    <uses-permission android:name="android.permission.ACCESS_WIFI_STATE" />
20-->[com.passbase:passbase_sdk:1.7.7] AndroidManifest.xml:17:5-76
20-->[com.passbase:passbase_sdk:1.7.7] AndroidManifest.xml:17:22-73
21    <uses-permission android:name="com.google.android.c2dm.permission.RECEIVE" />
21-->[com.passbase:passbase_sdk:1.7.7] AndroidManifest.xml:18:5-82
21-->[com.passbase:passbase_sdk:1.7.7] AndroidManifest.xml:18:22-79
22    <uses-permission android:name="android.permission.WAKE_LOCK" />
22-->[com.google.firebase:firebase-iid:19.0.0] AndroidManifest.xml:24:5-68
22-->[com.google.firebase:firebase-iid:19.0.0] AndroidManifest.xml:24:22-65
23
24    <uses-feature
24-->[com.facetec:zoom-authentication-hybrid:7.0.14] AndroidManifest.xml:17:5-19:36
25        android:name="android.hardware.camera"
25-->[com.facetec:zoom-authentication-hybrid:7.0.14] AndroidManifest.xml:18:9-47
26        android:required="false" />
26-->[com.facetec:zoom-authentication-hybrid:7.0.14] AndroidManifest.xml:19:9-33
27    <uses-feature
27-->[com.facetec:zoom-authentication-hybrid:7.0.14] AndroidManifest.xml:20:5-22:36
28        android:name="android.hardware.camera.front"
28-->[com.facetec:zoom-authentication-hybrid:7.0.14] AndroidManifest.xml:21:9-53
29        android:required="false" />
29-->[com.facetec:zoom-authentication-hybrid:7.0.14] AndroidManifest.xml:22:9-33
30    <uses-feature
30-->[com.facetec:zoom-authentication-hybrid:7.0.14] AndroidManifest.xml:23:5-25:36
31        android:name="android.hardware.camera.autofocus"
31-->[com.facetec:zoom-authentication-hybrid:7.0.14] AndroidManifest.xml:24:9-57
32        android:required="false" />
32-->[com.facetec:zoom-authentication-hybrid:7.0.14] AndroidManifest.xml:25:9-33
33    <!--
34 io.flutter.app.FlutterApplication is an android.app.Application that
35         calls FlutterMain.startInitialization(this); in its onCreate method.
36         In most cases you can leave this as-is, but you if you want to provide
37         additional functionality it is fine to subclass or reimplement
38         FlutterApplication and put your custom class here.
39    -->
40    <application
40-->src/main/AndroidManifest.xml:8:5-29:19
41        android:name="io.flutter.app.FlutterApplication"
41-->src/main/AndroidManifest.xml:9:9-57
42        android:appComponentFactory="androidx.core.app.CoreComponentFactory"
42-->[androidx.core:core:1.1.0] AndroidManifest.xml:24:18-86
43        android:debuggable="true"
44        android:fullBackupContent="@xml/mybackupscheme"
44-->[com.facetec:zoom-authentication-hybrid:7.0.14] AndroidManifest.xml:28:9-56
45        android:hardwareAccelerated="true"
45-->[com.facetec:zoom-authentication-hybrid:7.0.14] AndroidManifest.xml:29:9-43
46        android:icon="@mipmap/ic_launcher"
46-->src/main/AndroidManifest.xml:11:9-43
47        android:label="passbase_flutter_demo"
47-->src/main/AndroidManifest.xml:10:9-46
48        android:largeHeap="true"
48-->[com.passbase:passbase_sdk:1.7.7] AndroidManifest.xml:25:9-33
49        android:supportsRtl="true" >
49-->[com.passbase:passbase_sdk:1.7.7] AndroidManifest.xml:26:9-35
50        <activity
50-->src/main/AndroidManifest.xml:12:9-23:20
51            android:name="flutterdemo.passbase.com.passbase_flutter_demo.MainActivity"
51-->src/main/AndroidManifest.xml:13:13-41
52            android:configChanges="orientation|keyboardHidden|keyboard|screenSize|smallestScreenSize|locale|layoutDirection|fontScale|screenLayout|density|uiMode"
52-->src/main/AndroidManifest.xml:16:13-163
53            android:hardwareAccelerated="true"
53-->src/main/AndroidManifest.xml:17:13-47
54            android:launchMode="singleTop"
54-->src/main/AndroidManifest.xml:14:13-43
55            android:theme="@style/LaunchTheme"
55-->src/main/AndroidManifest.xml:15:13-47
56            android:windowSoftInputMode="adjustResize" >
56-->src/main/AndroidManifest.xml:18:13-55
57            <intent-filter>
57-->src/main/AndroidManifest.xml:19:13-22:29
58                <action android:name="android.intent.action.MAIN" />
58-->src/main/AndroidManifest.xml:20:17-68
58-->src/main/AndroidManifest.xml:20:25-66
59
60                <category android:name="android.intent.category.LAUNCHER" />
60-->src/main/AndroidManifest.xml:21:17-76
60-->src/main/AndroidManifest.xml:21:27-74
61            </intent-filter>
62        </activity>
63        <!--
64             Don't delete the meta-data below.
65             This is used by the Flutter tool to generate GeneratedPluginRegistrant.java
66        -->
67        <meta-data
67-->src/main/AndroidManifest.xml:26:9-28:33
68            android:name="flutterEmbedding"
68-->src/main/AndroidManifest.xml:27:13-44
69            android:value="2" />
69-->src/main/AndroidManifest.xml:28:13-30
70        <meta-data
70-->[com.passbase:passbase_sdk:1.7.7] AndroidManifest.xml:27:9-29:90
71            android:name="io.sentry.dsn"
71-->[com.passbase:passbase_sdk:1.7.7] AndroidManifest.xml:28:13-41
72            android:value="https://128c9e4211f34105afe92d0941c7900e@sentry.io/1472658" />
72-->[com.passbase:passbase_sdk:1.7.7] AndroidManifest.xml:29:13-87
73
74        <activity
74-->[com.passbase:passbase_sdk:1.7.7] AndroidManifest.xml:31:9-34:66
75            android:name="com.passbase.passbase_sdk.view.ObjectDetectionActivity"
75-->[com.passbase:passbase_sdk:1.7.7] AndroidManifest.xml:32:13-82
76            android:screenOrientation="portrait"
76-->[com.passbase:passbase_sdk:1.7.7] AndroidManifest.xml:33:13-49
77            android:theme="@style/Theme.AppCompat.NoActionBar" />
77-->[com.passbase:passbase_sdk:1.7.7] AndroidManifest.xml:34:13-63
78        <activity
78-->[com.passbase:passbase_sdk:1.7.7] AndroidManifest.xml:35:9-38:66
79            android:name="com.passbase.passbase_sdk.view.StartScreenActivity"
79-->[com.passbase:passbase_sdk:1.7.7] AndroidManifest.xml:36:13-78
80            android:screenOrientation="portrait"
80-->[com.passbase:passbase_sdk:1.7.7] AndroidManifest.xml:37:13-49
81            android:theme="@style/Theme.AppCompat.NoActionBar" />
81-->[com.passbase:passbase_sdk:1.7.7] AndroidManifest.xml:38:13-63
82        <activity
82-->[com.passbase:passbase_sdk:1.7.7] AndroidManifest.xml:39:9-42:66
83            android:name="com.passbase.passbase_sdk.view.ChooseCountryActivity"
83-->[com.passbase:passbase_sdk:1.7.7] AndroidManifest.xml:40:13-80
84            android:screenOrientation="portrait"
84-->[com.passbase:passbase_sdk:1.7.7] AndroidManifest.xml:41:13-49
85            android:theme="@style/Theme.AppCompat.NoActionBar" />
85-->[com.passbase:passbase_sdk:1.7.7] AndroidManifest.xml:42:13-63
86        <activity
86-->[com.passbase:passbase_sdk:1.7.7] AndroidManifest.xml:43:9-46:66
87            android:name="com.passbase.passbase_sdk.view.EnterEmailActivity"
87-->[com.passbase:passbase_sdk:1.7.7] AndroidManifest.xml:44:13-77
88            android:screenOrientation="portrait"
88-->[com.passbase:passbase_sdk:1.7.7] AndroidManifest.xml:45:13-49
89            android:theme="@style/Theme.AppCompat.NoActionBar" />
89-->[com.passbase:passbase_sdk:1.7.7] AndroidManifest.xml:46:13-63
90        <activity
90-->[com.passbase:passbase_sdk:1.7.7] AndroidManifest.xml:47:9-50:66
91            android:name="com.passbase.passbase_sdk.view.TakeSelfieVideoActivity"
91-->[com.passbase:passbase_sdk:1.7.7] AndroidManifest.xml:48:13-82
92            android:screenOrientation="portrait"
92-->[com.passbase:passbase_sdk:1.7.7] AndroidManifest.xml:49:13-49
93            android:theme="@style/Theme.AppCompat.NoActionBar" />
93-->[com.passbase:passbase_sdk:1.7.7] AndroidManifest.xml:50:13-63
94        <activity
94-->[com.passbase:passbase_sdk:1.7.7] AndroidManifest.xml:51:9-54:66
95            android:name="com.passbase.passbase_sdk.view.SelectDocumentActivity"
95-->[com.passbase:passbase_sdk:1.7.7] AndroidManifest.xml:52:13-81
96            android:screenOrientation="portrait"
96-->[com.passbase:passbase_sdk:1.7.7] AndroidManifest.xml:53:13-49
97            android:theme="@style/Theme.AppCompat.NoActionBar" />
97-->[com.passbase:passbase_sdk:1.7.7] AndroidManifest.xml:54:13-63
98        <activity
98-->[com.passbase:passbase_sdk:1.7.7] AndroidManifest.xml:55:9-58:66
99            android:name="com.passbase.passbase_sdk.view.ScanFrontDocumentActivity"
99-->[com.passbase:passbase_sdk:1.7.7] AndroidManifest.xml:56:13-84
100            android:screenOrientation="portrait"
100-->[com.passbase:passbase_sdk:1.7.7] AndroidManifest.xml:57:13-49
101            android:theme="@style/Theme.AppCompat.NoActionBar" />
101-->[com.passbase:passbase_sdk:1.7.7] AndroidManifest.xml:58:13-63
102        <activity
102-->[com.passbase:passbase_sdk:1.7.7] AndroidManifest.xml:59:9-62:66
103            android:name="com.passbase.passbase_sdk.view.ScanBackDocumentActivity"
103-->[com.passbase:passbase_sdk:1.7.7] AndroidManifest.xml:60:13-83
104            android:screenOrientation="portrait"
104-->[com.passbase:passbase_sdk:1.7.7] AndroidManifest.xml:61:13-49
105            android:theme="@style/Theme.AppCompat.NoActionBar" />
105-->[com.passbase:passbase_sdk:1.7.7] AndroidManifest.xml:62:13-63
106        <activity
106-->[com.passbase:passbase_sdk:1.7.7] AndroidManifest.xml:63:9-66:66
107            android:name="com.passbase.passbase_sdk.view.ScanFrontAddDocumentActivity"
107-->[com.passbase:passbase_sdk:1.7.7] AndroidManifest.xml:64:13-87
108            android:screenOrientation="portrait"
108-->[com.passbase:passbase_sdk:1.7.7] AndroidManifest.xml:65:13-49
109            android:theme="@style/Theme.AppCompat.NoActionBar" />
109-->[com.passbase:passbase_sdk:1.7.7] AndroidManifest.xml:66:13-63
110        <activity
110-->[com.passbase:passbase_sdk:1.7.7] AndroidManifest.xml:67:9-70:66
111            android:name="com.passbase.passbase_sdk.view.ScanBackAddDocumentActivity"
111-->[com.passbase:passbase_sdk:1.7.7] AndroidManifest.xml:68:13-86
112            android:screenOrientation="portrait"
112-->[com.passbase:passbase_sdk:1.7.7] AndroidManifest.xml:69:13-49
113            android:theme="@style/Theme.AppCompat.NoActionBar" />
113-->[com.passbase:passbase_sdk:1.7.7] AndroidManifest.xml:70:13-63
114        <activity
114-->[com.passbase:passbase_sdk:1.7.7] AndroidManifest.xml:71:9-74:66
115            android:name="com.passbase.passbase_sdk.view.SecurelyDataTransferActivity"
115-->[com.passbase:passbase_sdk:1.7.7] AndroidManifest.xml:72:13-87
116            android:screenOrientation="portrait"
116-->[com.passbase:passbase_sdk:1.7.7] AndroidManifest.xml:73:13-49
117            android:theme="@style/Theme.AppCompat.NoActionBar" />
117-->[com.passbase:passbase_sdk:1.7.7] AndroidManifest.xml:74:13-63
118        <activity
118-->[com.passbase:passbase_sdk:1.7.7] AndroidManifest.xml:75:9-78:66
119            android:name="com.passbase.passbase_sdk.view.CongratsDoneActivity"
119-->[com.passbase:passbase_sdk:1.7.7] AndroidManifest.xml:76:13-79
120            android:screenOrientation="portrait"
120-->[com.passbase:passbase_sdk:1.7.7] AndroidManifest.xml:77:13-49
121            android:theme="@style/Theme.AppCompat.NoActionBar" />
121-->[com.passbase:passbase_sdk:1.7.7] AndroidManifest.xml:78:13-63
122        <activity
122-->[com.passbase:passbase_sdk:1.7.7] AndroidManifest.xml:79:9-82:66
123            android:name="com.passbase.passbase_sdk.view.SomethingWrongActivity"
123-->[com.passbase:passbase_sdk:1.7.7] AndroidManifest.xml:80:13-81
124            android:screenOrientation="portrait"
124-->[com.passbase:passbase_sdk:1.7.7] AndroidManifest.xml:81:13-49
125            android:theme="@style/Theme.AppCompat.NoActionBar" />
125-->[com.passbase:passbase_sdk:1.7.7] AndroidManifest.xml:82:13-63
126        <activity
126-->[com.passbase:passbase_sdk:1.7.7] AndroidManifest.xml:83:9-86:66
127            android:name="com.passbase.passbase_sdk.view.NFCDetectActivity"
127-->[com.passbase:passbase_sdk:1.7.7] AndroidManifest.xml:84:13-76
128            android:screenOrientation="portrait"
128-->[com.passbase:passbase_sdk:1.7.7] AndroidManifest.xml:85:13-49
129            android:theme="@style/Theme.AppCompat.NoActionBar" />
129-->[com.passbase:passbase_sdk:1.7.7] AndroidManifest.xml:86:13-63
130
131        <service
131-->[com.google.firebase:firebase-ml-vision:24.0.1] AndroidManifest.xml:9:9-15:19
132            android:name="com.google.firebase.components.ComponentDiscoveryService"
132-->[com.google.firebase:firebase-ml-vision:24.0.1] AndroidManifest.xml:10:13-84
133            android:exported="false" >
133-->[com.google.firebase:firebase-ml-vision:24.0.1] AndroidManifest.xml:11:13-37
134            <meta-data
134-->[com.google.firebase:firebase-ml-vision:24.0.1] AndroidManifest.xml:12:13-14:85
135                android:name="com.google.firebase.components:com.google.firebase.ml.vision.VisionRegistrar"
135-->[com.google.firebase:firebase-ml-vision:24.0.1] AndroidManifest.xml:13:17-108
136                android:value="com.google.firebase.components.ComponentRegistrar" />
136-->[com.google.firebase:firebase-ml-vision:24.0.1] AndroidManifest.xml:14:17-82
137            <meta-data
137-->[com.google.firebase:firebase-ml-common:22.0.1] AndroidManifest.xml:11:13-13:85
138                android:name="com.google.firebase.components:com.google.firebase.ml.common.CommonComponentRegistrar"
138-->[com.google.firebase:firebase-ml-common:22.0.1] AndroidManifest.xml:12:17-117
139                android:value="com.google.firebase.components.ComponentRegistrar" />
139-->[com.google.firebase:firebase-ml-common:22.0.1] AndroidManifest.xml:13:17-82
140            <meta-data
140-->[com.google.firebase:firebase-iid:19.0.0] AndroidManifest.xml:32:13-34:85
141                android:name="com.google.firebase.components:com.google.firebase.iid.Registrar"
141-->[com.google.firebase:firebase-iid:19.0.0] AndroidManifest.xml:33:17-96
142                android:value="com.google.firebase.components.ComponentRegistrar" />
142-->[com.google.firebase:firebase-iid:19.0.0] AndroidManifest.xml:34:17-82
143        </service>
144
145        <receiver
145-->[com.google.firebase:firebase-iid:19.0.0] AndroidManifest.xml:37:9-44:20
146            android:name="com.google.firebase.iid.FirebaseInstanceIdReceiver"
146-->[com.google.firebase:firebase-iid:19.0.0] AndroidManifest.xml:38:13-78
147            android:exported="true"
147-->[com.google.firebase:firebase-iid:19.0.0] AndroidManifest.xml:39:13-36
148            android:permission="com.google.android.c2dm.permission.SEND" >
148-->[com.google.firebase:firebase-iid:19.0.0] AndroidManifest.xml:40:13-73
149            <intent-filter>
149-->[com.google.firebase:firebase-iid:19.0.0] AndroidManifest.xml:41:13-43:29
150                <action android:name="com.google.android.c2dm.intent.RECEIVE" />
150-->[com.google.firebase:firebase-iid:19.0.0] AndroidManifest.xml:42:17-81
150-->[com.google.firebase:firebase-iid:19.0.0] AndroidManifest.xml:42:25-78
151            </intent-filter>
152        </receiver>
153
154        <activity
154-->[com.google.android.gms:play-services-base:17.0.0] AndroidManifest.xml:23:9-26:75
155            android:name="com.google.android.gms.common.api.GoogleApiActivity"
155-->[com.google.android.gms:play-services-base:17.0.0] AndroidManifest.xml:24:13-79
156            android:exported="false"
156-->[com.google.android.gms:play-services-base:17.0.0] AndroidManifest.xml:25:13-37
157            android:theme="@android:style/Theme.Translucent.NoTitleBar" />
157-->[com.google.android.gms:play-services-base:17.0.0] AndroidManifest.xml:26:13-72
158
159        <provider
159-->[com.google.firebase:firebase-common:19.0.0] AndroidManifest.xml:12:9-16:39
160            android:name="com.google.firebase.provider.FirebaseInitProvider"
160-->[com.google.firebase:firebase-common:19.0.0] AndroidManifest.xml:13:13-77
161            android:authorities="flutterdemo.passbase.com.passbase_flutter_demo.firebaseinitprovider"
161-->[com.google.firebase:firebase-common:19.0.0] AndroidManifest.xml:14:13-72
162            android:exported="false"
162-->[com.google.firebase:firebase-common:19.0.0] AndroidManifest.xml:15:13-37
163            android:initOrder="100" />
163-->[com.google.firebase:firebase-common:19.0.0] AndroidManifest.xml:16:13-36
164
165        <meta-data
165-->[com.google.android.gms:play-services-basement:17.0.0] AndroidManifest.xml:23:9-25:69
166            android:name="com.google.android.gms.version"
166-->[com.google.android.gms:play-services-basement:17.0.0] AndroidManifest.xml:24:13-58
167            android:value="@integer/google_play_services_version" />
167-->[com.google.android.gms:play-services-basement:17.0.0] AndroidManifest.xml:25:13-66
168
169        <activity
169-->[com.facetec:zoom-authentication-hybrid:7.0.14] AndroidManifest.xml:31:9-37:20
170            android:name="com.facetec.zoom.sdk.ZoomVerificationActivity"
170-->[com.facetec:zoom-authentication-hybrid:7.0.14] AndroidManifest.xml:32:13-73
171            android:configChanges="orientation|keyboardHidden|screenSize"
171-->[com.facetec:zoom-authentication-hybrid:7.0.14] AndroidManifest.xml:33:13-74
172            android:excludeFromRecents="true"
172-->[com.facetec:zoom-authentication-hybrid:7.0.14] AndroidManifest.xml:34:13-46
173            android:resizeableActivity="false"
173-->[com.facetec:zoom-authentication-hybrid:7.0.14] AndroidManifest.xml:35:13-47
174            android:theme="@style/Theme.AppCompat.Translucent" >
174-->[com.facetec:zoom-authentication-hybrid:7.0.14] AndroidManifest.xml:36:13-63
175        </activity> <!-- 'android:authorities' must be unique in the device, across all apps -->
176        <provider
176-->[io.sentry:sentry-android-core:2.0.2] AndroidManifest.xml:16:9-19:40
177            android:name="io.sentry.android.core.SentryInitProvider"
177-->[io.sentry:sentry-android-core:2.0.2] AndroidManifest.xml:17:13-69
178            android:authorities="flutterdemo.passbase.com.passbase_flutter_demo.SentryInitProvider"
178-->[io.sentry:sentry-android-core:2.0.2] AndroidManifest.xml:18:13-70
179            android:exported="false" />
179-->[io.sentry:sentry-android-core:2.0.2] AndroidManifest.xml:19:13-37
180    </application>
181
182</manifest>